Arguments: 
  /home/sakulstra/.nvm/versions/node/v16.13.0/bin/node /home/sakulstra/.nvm/versions/node/v16.13.0/bin/yarn add @bgd/aave-address-book

PATH: 
  /home/sakulstra/.meteor:/home/sakulstra/.nvm/versions/node/v16.13.0/bin:/home/sakulstra/.local/bin:/usr/local/bin:/usr/bin:/var/lib/snapd/snap/bin:/usr/local/sbin:/usr/lib/jvm/default/bin:/usr/bin/site_perl:/usr/bin/vendor_perl:/usr/bin/core_perl:/home/sakulstra/.foundry/bin

Yarn version: 
  1.22.18

Node version: 
  16.13.0

Platform: 
  linux x64

Trace: 
  Error: https://registry.yarnpkg.com/@bgd%2faave-address-book: Not found
      at Request.params.callback [as _callback] (/home/sakulstra/.nvm/versions/node/v16.13.0/lib/node_modules/yarn/lib/cli.js:66138:18)
      at Request.self.callback (/home/sakulstra/.nvm/versions/node/v16.13.0/lib/node_modules/yarn/lib/cli.js:140883:22)
      at Request.emit (node:events:390:28)
      at Request.<anonymous> (/home/sakulstra/.nvm/versions/node/v16.13.0/lib/node_modules/yarn/lib/cli.js:141855:10)
      at Request.emit (node:events:390:28)
      at IncomingMessage.<anonymous> (/home/sakulstra/.nvm/versions/node/v16.13.0/lib/node_modules/yarn/lib/cli.js:141777:12)
      at Object.onceWrapper (node:events:509:28)
      at IncomingMessage.emit (node:events:402:35)
      at endReadableNT (node:internal/streams/readable:1343:12)
      at processTicksAndRejections (node:internal/process/task_queues:83:21)

npm manifest: 
  {
    "name": "@bgd-labs/aave-tenderly-cli",
    "version": "0.0.2",
    "description": "",
    "main": "main.ts",
    "private": false,
    "bin": {
      "aave-tenderly-cli": "dist/index.js"
    },
    "scripts": {
      "start": "npm run build && node dist/index.js",
      "build": "ncc build ./main.ts -o dist --minify",
      "publish:local": "npm run build && npm pack && npm i -g bgd-labs-aave-tenderly-cli-0.0.2.tgz && rm bgd-labs-aave-tenderly-cli-0.0.2.tgz"
    },
    "repository": {
      "type": "git",
      "url": "git+https://github.com/bgd-labs/aave-tenderly-cli.git"
    },
    "author": "",
    "license": "MIT",
    "bugs": {
      "url": "https://github.com/bgd-labs/aave-tenderly-cli/issues"
    },
    "homepage": "https://github.com/bgd-labs/aave-tenderly-cli#readme",
    "devDependencies": {
      "@types/node": "^18.7.13",
      "@vercel/ncc": "^0.34.0",
      "typescript": "^4.8.2",
      "axios": "^0.27.2",
      "commander": "^9.4.0",
      "dotenv": "^16.0.1",
      "ethers": "^5.6.9"
    }
  }

yarn manifest: 
  No manifest

Lockfile: 
  No lockfile
